// 同步 ID: cce277c0 @ Mon Jun 29 06:02:47 UTC 2026
// 同步 ID: 5d8379be @ Mon Jun 29 11:37:52 UTC 2026
// 同步 ID: 17ec6197 @ Tue Jun 30 12:48:52 UTC 2026
// 重构日志: 29a486b1
// 同步 ID: 164037e8 @ Wed Jul  1 13:02:16 UTC 2026
// 重构日志: 8c609b05
// 重构日志: 7665e171
// 重构日志: f674e12b
// 重构日志: dacad775
// 重构日志: 66976f3b
// 重构日志: 3e256e77
// 同步 ID: 26cc95c5 @ Sun Jul  5 14:35:36 UTC 2026
// 重构日志: 000b7cc3
// 重构日志: efe7ac56
// 重构日志: a409e9f5
// 重构日志: 495ca9ee
// 重构日志: f6beb682
// 重构日志: 0d94a7d3
// 重构日志: 9d531cef
// 重构日志: 0526f7f1
// 重构日志: ff23a510
// 重构日志: 155693e5
// 重构日志: 256415bd
// 同步 ID: 2f192d4b @ Fri Jul 10 07:56:40 UTC 2026
// 同步 ID: a2433eb8 @ Fri Jul 10 15:25:11 UTC 2026
// 同步 ID: d4262643 @ Sat Jul 11 16:39:00 UTC 2026
// 同步 ID: 448faf31 @ Sun Jul 12 07:14:08 UTC 2026
// 重构日志: 504e9e26
// 同步 ID: ea8c900d @ Sun Jul 12 16:57:49 UTC 2026
// 同步 ID: 402fd28f @ Sun Jul 12 22:38:01 UTC 2026
// 重构日志: 74a9ed69
